<?xml version="1.0" encoding="UTF-8"?>
<!-- Generated by org.testng.reporters.JUnitReportReporter -->
<testsuite skipped="0" hostname="DESKTOP-4QSQSFA" name="com.qa.facebookapp.pages.TestCase_01" tests="10" failures="0" timestamp="15 Oct 2020 20:09:24 GMT" time="2.401" errors="0">
  <testcase name="setUserBirthMonth" time="0.125" classname="com.qa.facebookapp.pages.TestCase_01"/>
  <testcase name="setUserMobileNTest" time="0.219" classname="com.qa.facebookapp.pages.TestCase_01"/>
  <testcase name="verifyTitleTest2" time="0.012" classname="com.qa.facebookapp.pages.TestCase_01"/>
  <testcase name="clickOnCreateAccountLink" time="0.122" classname="com.qa.facebookapp.pages.TestCase_01"/>
  <testcase name="setUserlNameTest" time="0.188" classname="com.qa.facebookapp.pages.TestCase_01"/>
  <testcase name="enterUserBirthYear" time="1.122" classname="com.qa.facebookapp.pages.TestCase_01"/>
  <testcase name="setUserDay" time="0.124" classname="com.qa.facebookapp.pages.TestCase_01"/>
  <testcase name="setUserPasswordTest" time="0.157" classname="com.qa.facebookapp.pages.TestCase_01"/>
  <testcase name="setUserfNameTest" time="0.279" classname="com.qa.facebookapp.pages.TestCase_01"/>
  <testcase name="captureMessage" time="0.053" classname="com.qa.facebookapp.pages.TestCase_01"/>
</testsuite> <!-- com.qa.facebookapp.pages.TestCase_01 -->
